0 info it worked if it ends with ok
1 verbose cli [ 'C:\\Program Files\\Nodejs\\node.exe',
1 verbose cli   'C:\\Users\\akvam\\AppData\\Roaming\\npm\\node_modules\\npm\\bin\\npm-cli.js',
1 verbose cli   'start' ]
2 info using npm@3.3.3
3 info using node@v4.1.0
4 verbose run-script [ 'prestart', 'start', 'poststart' ]
5 info lifecycle akvammyappl@1.0.0~prestart: akvammyappl@1.0.0
6 silly lifecycle akvammyappl@1.0.0~prestart: no script for prestart, continuing
7 info lifecycle akvammyappl@1.0.0~start: akvammyappl@1.0.0
8 verbose lifecycle akvammyappl@1.0.0~start: unsafe-perm in lifecycle true
9 verbose lifecycle akvammyappl@1.0.0~start: PATH: C:\Users\akvam\AppData\Roaming\npm\node_modules\npm\bin\node-gyp-bin;C:\Appl\Nodejs\akvamMyApp1\node_modules\.bin;C:\Users\akvam\AppData\Roaming\npm;C:\Program Files\Nodejs\;C:\Oracle12\ora12_32;C:\Oracle12\ora12_32\bin;C:\Oracle\ora11_32\bin;C:\WINDOWS\system32;C:\WINDOWS;C:\WINDOWS\System32\Wbem;C:\Program Files (x86)\Utils;C:\Program Files (x86)\Microsoft Application Virtualization Client;C:\WINDOWS\System32\WindowsPowerShell\v1.0\;C:\WINDOWS\System32\WindowsPowerShell\v1.0\;C:\Program Files\Java\jre1.7.0_72\bin\;C:\Program Files (x86)\Java\jre1.7.0_72\bin\;C:\Program Files\Microsoft\Web Platform Installer\;C:\Program Files (x86)\Microsoft ASP.NET\ASP.NET Web Pages\v1.0\;C:\Program Files (x86)\Windows Kits\8.0\Windows Performance Toolkit\;C:\Program Files\Microsoft SQL Server\110\Tools\Binn\;C:\Program Files (x86)\Microsoft Visual Studio 11.0\Common7\IDE;C:\Program Files\Git\cmd;C:\Program Files\nodejs\;C:\Appl\TFS\DEVTOOLS\bin;c:\Appl\devtools_tfs\bin;C:\Appl\TFS\DEVTOOLS\jdk1.5.0_15\bin;C:\Appl\TFS\DEVTOOLS\apache-maven-2.2.1\bin;C:\Appl\TFS\DEVTOOLS\apache-ant-1.7.1\bin;C:\Appl\TFS\DEVTOOLS\nant-0.85\bin;C:\Appl\TFS\DEVTOOLS\NUnit-2.6.4\bin;C:\Appl\TFS\DEVTOOLS\sysinternals;C:\WINDOWS\Microsoft.NET\Framework\v3.5;C:\Appl\TFS\DEVTOOLS\wasThinClient;C:\Program Files\Microsoft Visual Studio 11.0\SDK\v3.5\bin;C:\Program Files (x86)\Microsoft VS Code\bin;C:\Users\akvam\AppData\Roaming\npm
10 verbose lifecycle akvammyappl@1.0.0~start: CWD: C:\Appl\Nodejs\akvamMyApp1
11 silly lifecycle akvammyappl@1.0.0~start: Args: [ '/d /s /c', 'node index.js' ]
12 silly lifecycle akvammyappl@1.0.0~start: Returned: code: 1  signal: null
13 info lifecycle akvammyappl@1.0.0~start: Failed to exec start script
14 verbose stack Error: akvammyappl@1.0.0 start: `node index.js`
14 verbose stack Exit status 1
14 verbose stack     at EventEmitter.<anonymous> (C:\Users\akvam\AppData\Roaming\npm\node_modules\npm\lib\utils\lifecycle.js:233:16)
14 verbose stack     at emitTwo (events.js:87:13)
14 verbose stack     at EventEmitter.emit (events.js:172:7)
14 verbose stack     at ChildProcess.<anonymous> (C:\Users\akvam\AppData\Roaming\npm\node_modules\npm\lib\utils\spawn.js:24:14)
14 verbose stack     at emitTwo (events.js:87:13)
14 verbose stack     at ChildProcess.emit (events.js:172:7)
14 verbose stack     at maybeClose (internal/child_process.js:817:16)
14 verbose stack     at Process.ChildProcess._handle.onexit (internal/child_process.js:211:5)
15 verbose pkgid akvammyappl@1.0.0
16 verbose cwd C:\Appl\Nodejs\akvamMyApp1
17 error Windows_NT 6.1.7601
18 error argv "C:\\Program Files\\Nodejs\\node.exe" "C:\\Users\\akvam\\AppData\\Roaming\\npm\\node_modules\\npm\\bin\\npm-cli.js" "start"
19 error node v4.1.0
20 error npm  v3.3.3
21 error code ELIFECYCLE
22 error akvammyappl@1.0.0 start: `node index.js`
22 error Exit status 1
23 error Failed at the akvammyappl@1.0.0 start script 'node index.js'.
23 error This is most likely a problem with the akvammyappl package,
23 error not with npm itself.
23 error Tell the author that this fails on your system:
23 error     node index.js
23 error You can get their info via:
23 error     npm owner ls akvammyappl
23 error There is likely additional logging output above.
24 verbose exit [ 1, true ]
